2019-09-14 12:57:30,694  INFO [Forwarding actions on session 95ffb62f86e889af28b103256cb8a209 to remote] Carwale:58 - Trying to find Element By : By.xpath: //div[@class='top-nav-label js-main-nav-label']/span[text()='New Cars']
2019-09-14 12:57:30,742  INFO [Forwarding actions on session 95ffb62f86e889af28b103256cb8a209 to remote] Carwale:62 - Found Element By : By.xpath: //div[@class='top-nav-label js-main-nav-label']/span[text()='New Cars']
2019-09-14 12:57:30,953  INFO [TestNG] Carwale:58 - Trying to find Element By : By.xpath: //ul[@class='nested-panel-list']/li/a[contains(.,'Find New Cars')]
2019-09-14 12:57:31,105  INFO [TestNG] Carwale:62 - Found Element By : By.xpath: //ul[@class='nested-panel-list']/li/a[contains(.,'Find New Cars')]
2019-09-14 12:57:33,184  INFO [TestNG] Carwale:58 - Trying to find Element By : By.xpath: //ul[@class='nested-panel-list']/li/a[contains(.,'Find New Cars')]
2019-09-14 12:57:33,202  INFO [TestNG] Carwale:62 - Found Element By : By.xpath: //ul[@class='nested-panel-list']/li/a[contains(.,'Find New Cars')]
2019-09-14 12:57:33,220  INFO [TestNG] Carwale:58 - Trying to find Element By : By.xpath: //ul[@class='nested-panel-list']/li/a[contains(.,'Find New Cars')]
2019-09-14 12:57:33,240  INFO [TestNG] Carwale:62 - Found Element By : By.xpath: //ul[@class='nested-panel-list']/li/a[contains(.,'Find New Cars')]
2019-09-14 12:57:33,241  INFO [TestNG] Carwale:30 - Trying to click on: [[ChromeDriver: chrome on XP (95ffb62f86e889af28b103256cb8a209)] -> xpath: //ul[@class='nested-panel-list']/li/a[contains(.,'Find New Cars')]]
2019-09-14 12:57:44,625  INFO [TestNG] Carwale:34 - Clicked on: [[ChromeDriver: chrome on XP (95ffb62f86e889af28b103256cb8a209)] -> xpath: //ul[@class='nested-panel-list']/li/a[contains(.,'Find New Cars')]]
2019-09-14 12:57:44,626  INFO [TestNG] Carwale:58 - Trying to find Element By : By.xpath: //li/h3[contains(.,'Body Type')]
2019-09-14 12:57:44,689  INFO [TestNG] Carwale:62 - Found Element By : By.xpath: //li/h3[contains(.,'Body Type')]
2019-09-14 12:57:46,718  INFO [TestNG] Carwale:58 - Trying to find Element By : By.xpath: //li/h3[contains(.,'Body Type')]
2019-09-14 12:57:46,744  INFO [TestNG] Carwale:62 - Found Element By : By.xpath: //li/h3[contains(.,'Body Type')]
2019-09-14 12:57:46,774  INFO [TestNG] Carwale:58 - Trying to find Element By : By.xpath: //li/h3[contains(.,'Body Type')]
2019-09-14 12:57:46,851  INFO [TestNG] Carwale:62 - Found Element By : By.xpath: //li/h3[contains(.,'Body Type')]
2019-09-14 12:57:46,852  INFO [TestNG] Carwale:30 - Trying to click on: [[ChromeDriver: chrome on XP (95ffb62f86e889af28b103256cb8a209)] -> xpath: //li/h3[contains(.,'Body Type')]]
2019-09-14 12:57:47,065  INFO [TestNG] Carwale:34 - Clicked on: [[ChromeDriver: chrome on XP (95ffb62f86e889af28b103256cb8a209)] -> xpath: //li/h3[contains(.,'Body Type')]]
2019-09-14 12:57:47,066  INFO [TestNG] Carwale:58 - Trying to find Element By : By.xpath: //span[contains(.,'SUV/MUV')]
2019-09-14 12:57:48,342  INFO [TestNG] Carwale:62 - Found Element By : By.xpath: //span[contains(.,'SUV/MUV')]
2019-09-14 12:57:50,406  INFO [TestNG] Carwale:58 - Trying to find Element By : By.xpath: //span[contains(.,'SUV/MUV')]
2019-09-14 12:57:51,106  INFO [TestNG] Carwale:62 - Found Element By : By.xpath: //span[contains(.,'SUV/MUV')]
2019-09-14 12:57:51,123  INFO [TestNG] Carwale:58 - Trying to find Element By : By.xpath: //span[contains(.,'SUV/MUV')]
2019-09-14 12:57:51,146  INFO [TestNG] Carwale:62 - Found Element By : By.xpath: //span[contains(.,'SUV/MUV')]
2019-09-14 12:57:51,147  INFO [TestNG] Carwale:30 - Trying to click on: [[ChromeDriver: chrome on XP (95ffb62f86e889af28b103256cb8a209)] -> xpath: //span[contains(.,'SUV/MUV')]]
2019-09-14 12:57:57,509  INFO [TestNG] Carwale:34 - Clicked on: [[ChromeDriver: chrome on XP (95ffb62f86e889af28b103256cb8a209)] -> xpath: //span[contains(.,'SUV/MUV')]]
2019-09-14 12:57:57,510  INFO [TestNG] Carwale:58 - Trying to find Element By : By.xpath: //span[contains(@id,'budget_exp_col')]
2019-09-14 12:57:57,538  INFO [TestNG] Carwale:62 - Found Element By : By.xpath: //span[contains(@id,'budget_exp_col')]
2019-09-14 12:57:59,550  INFO [TestNG] Carwale:58 - Trying to find Element By : By.xpath: //span[contains(@id,'budget_exp_col')]
2019-09-14 12:57:59,579  INFO [TestNG] Carwale:62 - Found Element By : By.xpath: //span[contains(@id,'budget_exp_col')]
2019-09-14 12:57:59,601  INFO [TestNG] Carwale:58 - Trying to find Element By : By.xpath: //span[contains(@id,'budget_exp_col')]
2019-09-14 12:57:59,633  INFO [TestNG] Carwale:62 - Found Element By : By.xpath: //span[contains(@id,'budget_exp_col')]
2019-09-14 12:57:59,634  INFO [TestNG] Carwale:30 - Trying to click on: [[ChromeDriver: chrome on XP (95ffb62f86e889af28b103256cb8a209)] -> xpath: //span[contains(@id,'budget_exp_col')]]
2019-09-14 12:57:59,944  INFO [TestNG] Carwale:34 - Clicked on: [[ChromeDriver: chrome on XP (95ffb62f86e889af28b103256cb8a209)] -> xpath: //span[contains(@id,'budget_exp_col')]]
2019-09-14 12:57:59,944  INFO [TestNG] Carwale:58 - Trying to find Element By : By.xpath: //a[contains(.,'8-12 lakh')]
2019-09-14 12:58:00,041  INFO [TestNG] Carwale:62 - Found Element By : By.xpath: //a[contains(.,'8-12 lakh')]
2019-09-14 12:58:02,055  INFO [TestNG] Carwale:58 - Trying to find Element By : By.xpath: //a[contains(.,'8-12 lakh')]
2019-09-14 12:58:02,073  INFO [TestNG] Carwale:62 - Found Element By : By.xpath: //a[contains(.,'8-12 lakh')]
2019-09-14 12:58:02,084  INFO [TestNG] Carwale:58 - Trying to find Element By : By.xpath: //a[contains(.,'8-12 lakh')]
2019-09-14 12:58:02,122  INFO [TestNG] Carwale:62 - Found Element By : By.xpath: //a[contains(.,'8-12 lakh')]
2019-09-14 12:58:02,123  INFO [TestNG] Carwale:30 - Trying to click on: [[ChromeDriver: chrome on XP (95ffb62f86e889af28b103256cb8a209)] -> xpath: //a[contains(.,'8-12 lakh')]]
2019-09-14 12:58:02,353  INFO [TestNG] Carwale:34 - Clicked on: [[ChromeDriver: chrome on XP (95ffb62f86e889af28b103256cb8a209)] -> xpath: //a[contains(.,'8-12 lakh')]]
2019-09-14 12:58:05,354  INFO [TestNG] Carwale:58 - Trying to find Element By : By.all({By.xpath: //a[@class='href-title']})
2019-09-14 12:58:05,395  INFO [TestNG] Carwale:62 - Found Element By : By.all({By.xpath: //a[@class='href-title']})
2019-09-14 12:58:05,397  INFO [TestNG] Carwale:58 - Trying to find Element By : By.all({By.xpath: //a[@class='href-title']})
2019-09-14 12:58:05,415  INFO [TestNG] Carwale:62 - Found Element By : By.all({By.xpath: //a[@class='href-title']})
2019-09-14 12:58:06,642  INFO [TestNG] Carwale:58 - Trying to find Element By : By.all({By.xpath: //a[@class='href-title']})
2019-09-14 12:58:06,666  INFO [TestNG] Carwale:62 - Found Element By : By.all({By.xpath: //a[@class='href-title']})
2019-09-14 12:58:06,667  INFO [TestNG] Carwale:58 - Trying to find Element By : By.all({By.xpath: //a[@class='href-title']})
2019-09-14 12:58:06,688  INFO [TestNG] Carwale:62 - Found Element By : By.all({By.xpath: //a[@class='href-title']})
2019-09-14 12:58:06,835  INFO [TestNG] Carwale:58 - Trying to find Element By : By.all({By.xpath: //a[@class='href-title']})
2019-09-14 12:58:06,858  INFO [TestNG] Carwale:62 - Found Element By : By.all({By.xpath: //a[@class='href-title']})
2019-09-14 12:58:06,859  INFO [TestNG] Carwale:58 - Trying to find Element By : By.all({By.xpath: //a[@class='href-title']})
2019-09-14 12:58:06,881  INFO [TestNG] Carwale:62 - Found Element By : By.all({By.xpath: //a[@class='href-title']})
2019-09-14 12:58:06,985  INFO [TestNG] Carwale:58 - Trying to find Element By : By.all({By.xpath: //a[@class='href-title']})
2019-09-14 12:58:07,004  INFO [TestNG] Carwale:62 - Found Element By : By.all({By.xpath: //a[@class='href-title']})
2019-09-14 12:58:07,005  INFO [TestNG] Carwale:58 - Trying to find Element By : By.all({By.xpath: //a[@class='href-title']})
2019-09-14 12:58:07,025  INFO [TestNG] Carwale:62 - Found Element By : By.all({By.xpath: //a[@class='href-title']})
2019-09-14 12:58:07,134  INFO [TestNG] Carwale:58 - Trying to find Element By : By.all({By.xpath: //a[@class='href-title']})
2019-09-14 12:58:07,164  INFO [TestNG] Carwale:62 - Found Element By : By.all({By.xpath: //a[@class='href-title']})
2019-09-14 12:58:07,165  INFO [TestNG] Carwale:58 - Trying to find Element By : By.all({By.xpath: //a[@class='href-title']})
2019-09-14 12:58:07,193  INFO [TestNG] Carwale:62 - Found Element By : By.all({By.xpath: //a[@class='href-title']})
2019-09-14 12:58:07,289  INFO [TestNG] Carwale:58 - Trying to find Element By : By.all({By.xpath: //a[@class='href-title']})
2019-09-14 12:58:07,308  INFO [TestNG] Carwale:62 - Found Element By : By.all({By.xpath: //a[@class='href-title']})
2019-09-14 12:58:07,309  INFO [TestNG] Carwale:58 - Trying to find Element By : By.all({By.xpath: //a[@class='href-title']})
2019-09-14 12:58:07,331  INFO [TestNG] Carwale:62 - Found Element By : By.all({By.xpath: //a[@class='href-title']})
2019-09-14 12:58:07,421  INFO [TestNG] Carwale:58 - Trying to find Element By : By.all({By.xpath: //a[@class='href-title']})
2019-09-14 12:58:07,445  INFO [TestNG] Carwale:62 - Found Element By : By.all({By.xpath: //a[@class='href-title']})
2019-09-14 12:58:07,445  INFO [TestNG] Carwale:58 - Trying to find Element By : By.all({By.xpath: //a[@class='href-title']})
2019-09-14 12:58:07,469  INFO [TestNG] Carwale:62 - Found Element By : By.all({By.xpath: //a[@class='href-title']})
2019-09-14 12:58:07,559  INFO [TestNG] Carwale:58 - Trying to find Element By : By.all({By.xpath: //a[@class='href-title']})
2019-09-14 12:58:07,599  INFO [TestNG] Carwale:62 - Found Element By : By.all({By.xpath: //a[@class='href-title']})
2019-09-14 12:58:07,600  INFO [TestNG] Carwale:58 - Trying to find Element By : By.all({By.xpath: //a[@class='href-title']})
2019-09-14 12:58:07,623  INFO [TestNG] Carwale:62 - Found Element By : By.all({By.xpath: //a[@class='href-title']})
2019-09-14 12:58:07,722  INFO [TestNG] Carwale:58 - Trying to find Element By : By.all({By.xpath: //a[@class='href-title']})
2019-09-14 12:58:07,744  INFO [TestNG] Carwale:62 - Found Element By : By.all({By.xpath: //a[@class='href-title']})
2019-09-14 12:58:07,745  INFO [TestNG] Carwale:58 - Trying to find Element By : By.all({By.xpath: //a[@class='href-title']})
2019-09-14 12:58:07,765  INFO [TestNG] Carwale:62 - Found Element By : By.all({By.xpath: //a[@class='href-title']})
2019-09-14 12:58:07,856  INFO [TestNG] Carwale:58 - Trying to find Element By : By.all({By.xpath: //a[@class='href-title']})
2019-09-14 12:58:07,875  INFO [TestNG] Carwale:62 - Found Element By : By.all({By.xpath: //a[@class='href-title']})
2019-09-14 12:58:07,876  INFO [TestNG] Carwale:58 - Trying to find Element By : By.all({By.xpath: //a[@class='href-title']})
2019-09-14 12:58:07,899  INFO [TestNG] Carwale:62 - Found Element By : By.all({By.xpath: //a[@class='href-title']})
2019-09-14 12:58:08,001  INFO [TestNG] Carwale:58 - Trying to find Element By : By.all({By.xpath: //a[@class='href-title']})
2019-09-14 12:58:08,023  INFO [TestNG] Carwale:62 - Found Element By : By.all({By.xpath: //a[@class='href-title']})
2019-09-14 12:58:08,024  INFO [TestNG] Carwale:58 - Trying to find Element By : By.all({By.xpath: //td[@class='price2']})
2019-09-14 12:58:08,050  INFO [TestNG] Carwale:62 - Found Element By : By.all({By.xpath: //td[@class='price2']})
2019-09-14 12:58:08,051  INFO [TestNG] Carwale:58 - Trying to find Element By : By.all({By.xpath: //td[@class='price2']})
2019-09-14 12:58:08,070  INFO [TestNG] Carwale:62 - Found Element By : By.all({By.xpath: //td[@class='price2']})
2019-09-14 12:58:08,180  INFO [TestNG] Carwale:58 - Trying to find Element By : By.all({By.xpath: //td[@class='price2']})
2019-09-14 12:58:08,199  INFO [TestNG] Carwale:62 - Found Element By : By.all({By.xpath: //td[@class='price2']})
2019-09-14 12:58:08,200  INFO [TestNG] Carwale:58 - Trying to find Element By : By.all({By.xpath: //td[@class='price2']})
2019-09-14 12:58:08,219  INFO [TestNG] Carwale:62 - Found Element By : By.all({By.xpath: //td[@class='price2']})
2019-09-14 12:58:08,316  INFO [TestNG] Carwale:58 - Trying to find Element By : By.all({By.xpath: //td[@class='price2']})
2019-09-14 12:58:08,340  INFO [TestNG] Carwale:62 - Found Element By : By.all({By.xpath: //td[@class='price2']})
2019-09-14 12:58:08,341  INFO [TestNG] Carwale:58 - Trying to find Element By : By.all({By.xpath: //td[@class='price2']})
2019-09-14 12:58:08,364  INFO [TestNG] Carwale:62 - Found Element By : By.all({By.xpath: //td[@class='price2']})
2019-09-14 12:58:08,470  INFO [TestNG] Carwale:58 - Trying to find Element By : By.all({By.xpath: //td[@class='price2']})
2019-09-14 12:58:08,493  INFO [TestNG] Carwale:62 - Found Element By : By.all({By.xpath: //td[@class='price2']})
2019-09-14 12:58:08,494  INFO [TestNG] Carwale:58 - Trying to find Element By : By.all({By.xpath: //td[@class='price2']})
2019-09-14 12:58:08,513  INFO [TestNG] Carwale:62 - Found Element By : By.all({By.xpath: //td[@class='price2']})
2019-09-14 12:58:08,607  INFO [TestNG] Carwale:58 - Trying to find Element By : By.all({By.xpath: //td[@class='price2']})
2019-09-14 12:58:08,634  INFO [TestNG] Carwale:62 - Found Element By : By.all({By.xpath: //td[@class='price2']})
2019-09-14 12:58:08,636  INFO [TestNG] Carwale:58 - Trying to find Element By : By.all({By.xpath: //td[@class='price2']})
2019-09-14 12:58:08,656  INFO [TestNG] Carwale:62 - Found Element By : By.all({By.xpath: //td[@class='price2']})
2019-09-14 12:58:08,850  INFO [TestNG] Carwale:58 - Trying to find Element By : By.all({By.xpath: //td[@class='price2']})
2019-09-14 12:58:08,875  INFO [TestNG] Carwale:62 - Found Element By : By.all({By.xpath: //td[@class='price2']})
2019-09-14 12:58:08,876  INFO [TestNG] Carwale:58 - Trying to find Element By : By.all({By.xpath: //td[@class='price2']})
2019-09-14 12:58:08,903  INFO [TestNG] Carwale:62 - Found Element By : By.all({By.xpath: //td[@class='price2']})
2019-09-14 12:58:09,026  INFO [TestNG] Carwale:58 - Trying to find Element By : By.all({By.xpath: //td[@class='price2']})
2019-09-14 12:58:09,055  INFO [TestNG] Carwale:62 - Found Element By : By.all({By.xpath: //td[@class='price2']})
2019-09-14 12:58:09,056  INFO [TestNG] Carwale:58 - Trying to find Element By : By.all({By.xpath: //td[@class='price2']})
2019-09-14 12:58:09,082  INFO [TestNG] Carwale:62 - Found Element By : By.all({By.xpath: //td[@class='price2']})
2019-09-14 12:58:09,194  INFO [TestNG] Carwale:58 - Trying to find Element By : By.all({By.xpath: //td[@class='price2']})
2019-09-14 12:58:09,245  INFO [TestNG] Carwale:62 - Found Element By : By.all({By.xpath: //td[@class='price2']})
2019-09-14 12:58:09,246  INFO [TestNG] Carwale:58 - Trying to find Element By : By.all({By.xpath: //td[@class='price2']})
2019-09-14 12:58:09,272  INFO [TestNG] Carwale:62 - Found Element By : By.all({By.xpath: //td[@class='price2']})
2019-09-14 12:58:09,381  INFO [TestNG] Carwale:58 - Trying to find Element By : By.all({By.xpath: //td[@class='price2']})
2019-09-14 12:58:09,399  INFO [TestNG] Carwale:62 - Found Element By : By.all({By.xpath: //td[@class='price2']})
2019-09-14 12:58:09,400  INFO [TestNG] Carwale:58 - Trying to find Element By : By.all({By.xpath: //td[@class='price2']})
2019-09-14 12:58:09,417  INFO [TestNG] Carwale:62 - Found Element By : By.all({By.xpath: //td[@class='price2']})
2019-09-14 12:58:09,518  INFO [TestNG] Carwale:58 - Trying to find Element By : By.all({By.xpath: //td[@class='price2']})
2019-09-14 12:58:09,536  INFO [TestNG] Carwale:62 - Found Element By : By.all({By.xpath: //td[@class='price2']})
2019-09-14 12:58:09,537  INFO [TestNG] Carwale:58 - Trying to find Element By : By.all({By.xpath: //td[@class='price2']})
2019-09-14 12:58:09,556  INFO [TestNG] Carwale:62 - Found Element By : By.all({By.xpath: //td[@class='price2']})
2019-09-14 12:58:09,662  INFO [TestNG] Carwale:58 - Trying to find Element By : By.all({By.xpath: //td[@class='price2']})
2019-09-14 12:58:09,687  INFO [TestNG] Carwale:62 - Found Element By : By.all({By.xpath: //td[@class='price2']})
2019-09-14 12:58:10,178 DEBUG [main] cache:45 - Couldn't find template in cache for "Extent.ftl"("en_US", UTF-8, parsed); will try to load it.
2019-09-14 12:58:10,182 DEBUG [main] cache:45 - TemplateLoader.findTemplateSource("Extent_en_US.ftl"): Not found
2019-09-14 12:58:10,185 DEBUG [main] cache:45 - TemplateLoader.findTemplateSource("Extent_en.ftl"): Not found
2019-09-14 12:58:10,187 DEBUG [main] cache:45 - TemplateLoader.findTemplateSource("Extent.ftl"): Found
2019-09-14 12:58:10,187 DEBUG [main] cache:45 - Loading template for "Extent.ftl"("en_US", UTF-8, parsed) from "jar:file:/C:/Users/Alkesh/.m2/repository/com/relevantcodes/extentreports/2.41.2/extentreports-2.41.2.jar!/com/relevantcodes/extentreports/view/Extent.ftl"
2019-09-14 12:58:10,582 DEBUG [main] cache:45 - Couldn't find template in cache for "Extent.ftl"("en_US", UTF-8, parsed); will try to load it.
2019-09-14 12:58:10,584 DEBUG [main] cache:45 - TemplateLoader.findTemplateSource("Extent_en_US.ftl"): Not found
2019-09-14 12:58:10,585 DEBUG [main] cache:45 - TemplateLoader.findTemplateSource("Extent_en.ftl"): Not found
2019-09-14 12:58:10,585 DEBUG [main] cache:45 - TemplateLoader.findTemplateSource("Extent.ftl"): Found
2019-09-14 12:58:10,586 DEBUG [main] cache:45 - Loading template for "Extent.ftl"("en_US", UTF-8, parsed) from "jar:file:/C:/Users/Alkesh/.m2/repository/com/relevantcodes/extentreports/2.41.2/extentreports-2.41.2.jar!/com/relevantcodes/extentreports/view/Extent.ftl"
